This is pdfTeX, Version 3.14159265-2.6-1.40.16 (TeX Live 2015/Debian) (preloaded format=pdflatex 2016.12.10)  1 AUG 2017 16:56
entering extended mode
 restricted \write18 enabled.
 %&-line parsing enabled.
**NMR_lectures1.tex
(./NMR_lectures1.tex
LaTeX2e <2016/02/01>
Babel <3.9q> and hyphenation patterns for 3 language(s) loaded.
(/usr/share/texlive/texmf-dist/tex/latex/beamer/beamer.cls
(/usr/share/texlive/texmf-dist/tex/latex/beamer/beamerbasercs.sty
Package: beamerbasercs 2015/03/08 (rcs-revision 368aa9ba9d38)
)
Document Class: beamer 2015/01/05 3.36 A class for typesetting presentations (r
cs-revision 8a39122e1f63)
(/usr/share/texlive/texmf-dist/tex/latex/beamer/beamerbasemodes.sty
Package: beamerbasemodes 2013/09/03 (rcs-revision 768f2d98ca64)
\beamer@tempbox=\box26
\beamer@tempcount=\count79
\c@beamerpauses=\count80

(/usr/share/texlive/texmf-dist/tex/latex/beamer/beamerbasedecode.sty
Package: beamerbasedecode 2010/05/01 (rcs-revision efa082c6111d)
\beamer@slideinframe=\count81
\beamer@minimum=\count82
)
\beamer@commentbox=\box27
\beamer@modecount=\count83
)
(/usr/share/texlive/texmf-dist/tex/generic/oberdiek/ifpdf.sty
Package: ifpdf 2011/01/30 v2.3 Provides the ifpdf switch (HO)
Package ifpdf Info: pdfTeX in PDF mode is detected.
)
\headheight=\dimen102
\headdp=\dimen103
\footheight=\dimen104
\sidebarheight=\dimen105
\beamer@tempdim=\dimen106
\beamer@finalheight=\dimen107
\beamer@animht=\dimen108
\beamer@animdp=\dimen109
\beamer@animwd=\dimen110
\beamer@leftmargin=\dimen111
\beamer@rightmargin=\dimen112
\beamer@leftsidebar=\dimen113
\beamer@rightsidebar=\dimen114
\beamer@boxsize=\dimen115
\beamer@vboxoffset=\dimen116
\beamer@descdefault=\dimen117
\beamer@descriptionwidth=\dimen118
\beamer@lastskip=\skip41
\beamer@areabox=\box28
\beamer@animcurrent=\box29
\beamer@animshowbox=\box30
\beamer@sectionbox=\box31
\beamer@logobox=\box32
\beamer@linebox=\box33
\beamer@sectioncount=\count84
\beamer@subsubsectionmax=\count85
\beamer@subsectionmax=\count86
\beamer@sectionmax=\count87
\beamer@totalheads=\count88
\beamer@headcounter=\count89
\beamer@partstartpage=\count90
\beamer@sectionstartpage=\count91
\beamer@subsectionstartpage=\count92
\beamer@animationtempa=\count93
\beamer@animationtempb=\count94
\beamer@xpos=\count95
\beamer@ypos=\count96
\beamer@showpartnumber=\count97
\beamer@currentsubsection=\count98
\beamer@coveringdepth=\count99
\beamer@sectionadjust=\count100
\beamer@tocsectionnumber=\count101

(/usr/share/texlive/texmf-dist/tex/latex/beamer/beamerbaseoptions.sty
Package: beamerbaseoptions 2013/03/10 (rcs-revision 47431932db0d)

(/usr/share/texlive/texmf-dist/tex/latex/graphics/keyval.sty
Package: keyval 2014/10/28 v1.15 key=value parser (DPC)
\KV@toks@=\toks14
))
\beamer@paperwidth=\skip42
\beamer@paperheight=\skip43

(/usr/share/texlive/texmf-dist/tex/latex/geometry/geometry.sty
Package: geometry 2010/09/12 v5.6 Page Geometry

(/usr/share/texlive/texmf-dist/tex/generic/oberdiek/ifvtex.sty
Package: ifvtex 2010/03/01 v1.5 Detect VTeX and its facilities (HO)
Package ifvtex Info: VTeX not detected.
)
(/usr/share/texlive/texmf-dist/tex/generic/ifxetex/ifxetex.sty
Package: ifxetex 2010/09/12 v0.6 Provides ifxetex conditional
)
\Gm@cnth=\count102
\Gm@cntv=\count103
\c@Gm@tempcnt=\count104
\Gm@bindingoffset=\dimen119
\Gm@wd@mp=\dimen120
\Gm@odd@mp=\dimen121
\Gm@even@mp=\dimen122
\Gm@layoutwidth=\dimen123
\Gm@layoutheight=\dimen124
\Gm@layouthoffset=\dimen125
\Gm@layoutvoffset=\dimen126
\Gm@dimlist=\toks15
)
(/usr/share/texlive/texmf-dist/tex/latex/base/size11.clo
File: size11.clo 2014/09/29 v1.4h Standard LaTeX file (size option)
)
(/usr/share/texlive/texmf-dist/tex/latex/pgf/basiclayer/pgfcore.sty
(/usr/share/texlive/texmf-dist/tex/latex/graphics/graphicx.sty
Package: graphicx 2014/10/28 v1.0g Enhanced LaTeX Graphics (DPC,SPQR)

(/usr/share/texlive/texmf-dist/tex/latex/graphics/graphics.sty
Package: graphics 2016/01/03 v1.0q Standard LaTeX Graphics (DPC,SPQR)

(/usr/share/texlive/texmf-dist/tex/latex/graphics/trig.sty
Package: trig 2016/01/03 v1.10 sin cos tan (DPC)
)
(/usr/share/texlive/texmf-dist/tex/latex/latexconfig/graphics.cfg
File: graphics.cfg 2010/04/23 v1.9 graphics configuration of TeX Live
)
Package graphics Info: Driver file: pdftex.def on input line 95.

(/usr/share/texlive/texmf-dist/tex/latex/pdftex-def/pdftex.def
File: pdftex.def 2011/05/27 v0.06d Graphics/color for pdfTeX

(/usr/share/texlive/texmf-dist/tex/generic/oberdiek/infwarerr.sty
Package: infwarerr 2010/04/08 v1.3 Providing info/warning/error messages (HO)
)
(/usr/share/texlive/texmf-dist/tex/generic/oberdiek/ltxcmds.sty
Package: ltxcmds 2011/11/09 v1.22 LaTeX kernel commands for general use (HO)
)
\Gread@gobject=\count105
))
\Gin@req@height=\dimen127
\Gin@req@width=\dimen128
)
(/usr/share/texlive/texmf-dist/tex/latex/pgf/systemlayer/pgfsys.sty
(/usr/share/texlive/texmf-dist/tex/latex/pgf/utilities/pgfrcs.sty
(/usr/share/texlive/texmf-dist/tex/generic/pgf/utilities/pgfutil-common.tex
\pgfutil@everybye=\toks16
\pgfutil@tempdima=\dimen129
\pgfutil@tempdimb=\dimen130

(/usr/share/texlive/texmf-dist/tex/generic/pgf/utilities/pgfutil-common-lists.t
ex)) (/usr/share/texlive/texmf-dist/tex/generic/pgf/utilities/pgfutil-latex.def
\pgfutil@abb=\box34
(/usr/share/texlive/texmf-dist/tex/latex/ms/everyshi.sty
Package: everyshi 2001/05/15 v3.00 EveryShipout Package (MS)
))
(/usr/share/texlive/texmf-dist/tex/generic/pgf/utilities/pgfrcs.code.tex
Package: pgfrcs 2015/08/07 v3.0.1a (rcs-revision 1.31)
))
(/usr/share/texlive/texmf-dist/tex/generic/pgf/systemlayer/pgfsys.code.tex
Package: pgfsys 2014/07/09 v3.0.1a (rcs-revision 1.48)

(/usr/share/texlive/texmf-dist/tex/generic/pgf/utilities/pgfkeys.code.tex
\pgfkeys@pathtoks=\toks17
\pgfkeys@temptoks=\toks18

(/usr/share/texlive/texmf-dist/tex/generic/pgf/utilities/pgfkeysfiltered.code.t
ex
\pgfkeys@tmptoks=\toks19
))
\pgf@x=\dimen131
\pgf@y=\dimen132
\pgf@xa=\dimen133
\pgf@ya=\dimen134
\pgf@xb=\dimen135
\pgf@yb=\dimen136
\pgf@xc=\dimen137
\pgf@yc=\dimen138
\w@pgf@writea=\write3
\r@pgf@reada=\read1
\c@pgf@counta=\count106
\c@pgf@countb=\count107
\c@pgf@countc=\count108
\c@pgf@countd=\count109
\t@pgf@toka=\toks20
\t@pgf@tokb=\toks21
\t@pgf@tokc=\toks22
 (/usr/share/texlive/texmf-dist/tex/generic/pgf/systemlayer/pgf.cfg
File: pgf.cfg 2008/05/14  (rcs-revision 1.7)
)
Driver file for pgf: pgfsys-pdftex.def

(/usr/share/texlive/texmf-dist/tex/generic/pgf/systemlayer/pgfsys-pdftex.def
File: pgfsys-pdftex.def 2014/10/11  (rcs-revision 1.35)

(/usr/share/texlive/texmf-dist/tex/generic/pgf/systemlayer/pgfsys-common-pdf.de
f
File: pgfsys-common-pdf.def 2013/10/10  (rcs-revision 1.13)
)))
(/usr/share/texlive/texmf-dist/tex/generic/pgf/systemlayer/pgfsyssoftpath.code.
tex
File: pgfsyssoftpath.code.tex 2013/09/09  (rcs-revision 1.9)
\pgfsyssoftpath@smallbuffer@items=\count110
\pgfsyssoftpath@bigbuffer@items=\count111
)
(/usr/share/texlive/texmf-dist/tex/generic/pgf/systemlayer/pgfsysprotocol.code.
tex
File: pgfsysprotocol.code.tex 2006/10/16  (rcs-revision 1.4)
)) (/usr/share/texlive/texmf-dist/tex/latex/xcolor/xcolor.sty
Package: xcolor 2007/01/21 v2.11 LaTeX color extensions (UK)

(/usr/share/texlive/texmf-dist/tex/latex/latexconfig/color.cfg
File: color.cfg 2007/01/18 v1.5 color configuration of teTeX/TeXLive
)
Package xcolor Info: Driver file: pdftex.def on input line 225.
Package xcolor Info: Model `cmy' substituted by `cmy0' on input line 1337.
Package xcolor Info: Model `hsb' substituted by `rgb' on input line 1341.
Package xcolor Info: Model `RGB' extended on input line 1353.
Package xcolor Info: Model `HTML' substituted by `rgb' on input line 1355.
Package xcolor Info: Model `Hsb' substituted by `hsb' on input line 1356.
Package xcolor Info: Model `tHsb' substituted by `hsb' on input line 1357.
Package xcolor Info: Model `HSB' substituted by `hsb' on input line 1358.
Package xcolor Info: Model `Gray' substituted by `gray' on input line 1359.
Package xcolor Info: Model `wave' substituted by `hsb' on input line 1360.
)
(/usr/share/texlive/texmf-dist/tex/generic/pgf/basiclayer/pgfcore.code.tex
Package: pgfcore 2010/04/11 v3.0.1a (rcs-revision 1.7)

(/usr/share/texlive/texmf-dist/tex/generic/pgf/math/pgfmath.code.tex
(/usr/share/texlive/texmf-dist/tex/generic/pgf/math/pgfmathcalc.code.tex
(/usr/share/texlive/texmf-dist/tex/generic/pgf/math/pgfmathutil.code.tex)
(/usr/share/texlive/texmf-dist/tex/generic/pgf/math/pgfmathparser.code.tex
\pgfmath@dimen=\dimen139
\pgfmath@count=\count112
\pgfmath@box=\box35
\pgfmath@toks=\toks23
\pgfmath@stack@operand=\toks24
\pgfmath@stack@operation=\toks25
)
(/usr/share/texlive/texmf-dist/tex/generic/pgf/math/pgfmathfunctions.code.tex
(/usr/share/texlive/texmf-dist/tex/generic/pgf/math/pgfmathfunctions.basic.code
.tex)
(/usr/share/texlive/texmf-dist/tex/generic/pgf/math/pgfmathfunctions.trigonomet
ric.code.tex)
(/usr/share/texlive/texmf-dist/tex/generic/pgf/math/pgfmathfunctions.random.cod
e.tex)
(/usr/share/texlive/texmf-dist/tex/generic/pgf/math/pgfmathfunctions.comparison
.code.tex)
(/usr/share/texlive/texmf-dist/tex/generic/pgf/math/pgfmathfunctions.base.code.
tex)
(/usr/share/texlive/texmf-dist/tex/generic/pgf/math/pgfmathfunctions.round.code
.tex)
(/usr/share/texlive/texmf-dist/tex/generic/pgf/math/pgfmathfunctions.misc.code.
tex)
(/usr/share/texlive/texmf-dist/tex/generic/pgf/math/pgfmathfunctions.integerari
thmetics.code.tex)))
(/usr/share/texlive/texmf-dist/tex/generic/pgf/math/pgfmathfloat.code.tex
\c@pgfmathroundto@lastzeros=\count113
))
(/usr/share/texlive/texmf-dist/tex/generic/pgf/basiclayer/pgfcorepoints.code.te
x
File: pgfcorepoints.code.tex 2013/10/07  (rcs-revision 1.27)
\pgf@picminx=\dimen140
\pgf@picmaxx=\dimen141
\pgf@picminy=\dimen142
\pgf@picmaxy=\dimen143
\pgf@pathminx=\dimen144
\pgf@pathmaxx=\dimen145
\pgf@pathminy=\dimen146
\pgf@pathmaxy=\dimen147
\pgf@xx=\dimen148
\pgf@xy=\dimen149
\pgf@yx=\dimen150
\pgf@yy=\dimen151
\pgf@zx=\dimen152
\pgf@zy=\dimen153
)
(/usr/share/texlive/texmf-dist/tex/generic/pgf/basiclayer/pgfcorepathconstruct.
code.tex
File: pgfcorepathconstruct.code.tex 2013/10/07  (rcs-revision 1.29)
\pgf@path@lastx=\dimen154
\pgf@path@lasty=\dimen155
)
(/usr/share/texlive/texmf-dist/tex/generic/pgf/basiclayer/pgfcorepathusage.code
.tex
File: pgfcorepathusage.code.tex 2014/11/02  (rcs-revision 1.24)
\pgf@shorten@end@additional=\dimen156
\pgf@shorten@start@additional=\dimen157
)
(/usr/share/texlive/texmf-dist/tex/generic/pgf/basiclayer/pgfcorescopes.code.te
x
File: pgfcorescopes.code.tex 2015/05/08  (rcs-revision 1.46)
\pgfpic=\box36
\pgf@hbox=\box37
\pgf@layerbox@main=\box38
\pgf@picture@serial@count=\count114
)
(/usr/share/texlive/texmf-dist/tex/generic/pgf/basiclayer/pgfcoregraphicstate.c
ode.tex
File: pgfcoregraphicstate.code.tex 2014/11/02  (rcs-revision 1.12)
\pgflinewidth=\dimen158
)
(/usr/share/texlive/texmf-dist/tex/generic/pgf/basiclayer/pgfcoretransformation
s.code.tex
File: pgfcoretransformations.code.tex 2015/08/07  (rcs-revision 1.20)
\pgf@pt@x=\dimen159
\pgf@pt@y=\dimen160
\pgf@pt@temp=\dimen161
)
(/usr/share/texlive/texmf-dist/tex/generic/pgf/basiclayer/pgfcorequick.code.tex
File: pgfcorequick.code.tex 2008/10/09  (rcs-revision 1.3)
)
(/usr/share/texlive/texmf-dist/tex/generic/pgf/basiclayer/pgfcoreobjects.code.t
ex
File: pgfcoreobjects.code.tex 2006/10/11  (rcs-revision 1.2)
)
(/usr/share/texlive/texmf-dist/tex/generic/pgf/basiclayer/pgfcorepathprocessing
.code.tex
File: pgfcorepathprocessing.code.tex 2013/09/09  (rcs-revision 1.9)
)
(/usr/share/texlive/texmf-dist/tex/generic/pgf/basiclayer/pgfcorearrows.code.te
x
File: pgfcorearrows.code.tex 2015/05/14  (rcs-revision 1.43)
\pgfarrowsep=\dimen162
)
(/usr/share/texlive/texmf-dist/tex/generic/pgf/basiclayer/pgfcoreshade.code.tex
File: pgfcoreshade.code.tex 2013/07/15  (rcs-revision 1.15)
\pgf@max=\dimen163
\pgf@sys@shading@range@num=\count115
)
(/usr/share/texlive/texmf-dist/tex/generic/pgf/basiclayer/pgfcoreimage.code.tex
File: pgfcoreimage.code.tex 2013/07/15  (rcs-revision 1.18)

(/usr/share/texlive/texmf-dist/tex/generic/pgf/basiclayer/pgfcoreexternal.code.
tex
File: pgfcoreexternal.code.tex 2014/07/09  (rcs-revision 1.21)
\pgfexternal@startupbox=\box39
))
(/usr/share/texlive/texmf-dist/tex/generic/pgf/basiclayer/pgfcorelayers.code.te
x
File: pgfcorelayers.code.tex 2013/07/18  (rcs-revision 1.7)
)
(/usr/share/texlive/texmf-dist/tex/generic/pgf/basiclayer/pgfcoretransparency.c
ode.tex
File: pgfcoretransparency.code.tex 2013/09/30  (rcs-revision 1.5)
)
(/usr/share/texlive/texmf-dist/tex/generic/pgf/basiclayer/pgfcorepatterns.code.
tex
File: pgfcorepatterns.code.tex 2013/11/07  (rcs-revision 1.5)
))) (/usr/share/texlive/texmf-dist/tex/latex/pgf/utilities/xxcolor.sty
Package: xxcolor 2003/10/24 ver 0.1
\XC@nummixins=\count116
\XC@countmixins=\count117
)
(/usr/share/texlive/texmf-dist/tex/generic/oberdiek/atbegshi.sty
Package: atbegshi 2011/10/05 v1.16 At begin shipout hook (HO)
)
(/usr/share/texlive/texmf-dist/tex/latex/hyperref/hyperref.sty
Package: hyperref 2012/11/06 v6.83m Hypertext links for LaTeX

(/usr/share/texlive/texmf-dist/tex/generic/oberdiek/hobsub-hyperref.sty
Package: hobsub-hyperref 2012/05/28 v1.13 Bundle oberdiek, subset hyperref (HO)


(/usr/share/texlive/texmf-dist/tex/generic/oberdiek/hobsub-generic.sty
Package: hobsub-generic 2012/05/28 v1.13 Bundle oberdiek, subset generic (HO)
Package: hobsub 2012/05/28 v1.13 Construct package bundles (HO)
Package hobsub Info: Skipping package `infwarerr' (already loaded).
Package hobsub Info: Skipping package `ltxcmds' (already loaded).
Package: ifluatex 2010/03/01 v1.3 Provides the ifluatex switch (HO)
Package ifluatex Info: LuaTeX not detected.
Package hobsub Info: Skipping package `ifvtex' (already loaded).
Package: intcalc 2007/09/27 v1.1 Expandable calculations with integers (HO)
Package hobsub Info: Skipping package `ifpdf' (already loaded).
Package: etexcmds 2011/02/16 v1.5 Avoid name clashes with e-TeX commands (HO)
Package etexcmds Info: Could not find \expanded.
(etexcmds)             That can mean that you are not using pdfTeX 1.50 or
(etexcmds)             that some package has redefined \expanded.
(etexcmds)             In the latter case, load this package earlier.
Package: kvsetkeys 2012/04/25 v1.16 Key value parser (HO)
Package: kvdefinekeys 2011/04/07 v1.3 Define keys (HO)
Package: pdftexcmds 2011/11/29 v0.20 Utility functions of pdfTeX for LuaTeX (HO
)
Package pdftexcmds Info: LuaTeX not detected.
Package pdftexcmds Info: \pdf@primitive is available.
Package pdftexcmds Info: \pdf@ifprimitive is available.
Package pdftexcmds Info: \pdfdraftmode found.
Package: pdfescape 2011/11/25 v1.13 Implements pdfTeX's escape features (HO)
Package: bigintcalc 2012/04/08 v1.3 Expandable calculations on big integers (HO
)
Package: bitset 2011/01/30 v1.1 Handle bit-vector datatype (HO)
Package: uniquecounter 2011/01/30 v1.2 Provide unlimited unique counter (HO)
)
Package hobsub Info: Skipping package `hobsub' (already loaded).
Package: letltxmacro 2010/09/02 v1.4 Let assignment for LaTeX macros (HO)
Package: hopatch 2012/05/28 v1.2 Wrapper for package hooks (HO)
Package: xcolor-patch 2011/01/30 xcolor patch
Package: atveryend 2011/06/30 v1.8 Hooks at the very end of document (HO)
Package atveryend Info: \enddocument detected (standard20110627).
Package hobsub Info: Skipping package `atbegshi' (already loaded).
Package: refcount 2011/10/16 v3.4 Data extraction from label references (HO)
Package: hycolor 2011/01/30 v1.7 Color options for hyperref/bookmark (HO)
)
(/usr/share/texlive/texmf-dist/tex/latex/oberdiek/auxhook.sty
Package: auxhook 2011/03/04 v1.3 Hooks for auxiliary files (HO)
)
(/usr/share/texlive/texmf-dist/tex/latex/oberdiek/kvoptions.sty
Package: kvoptions 2011/06/30 v3.11 Key value format for package options (HO)
)
\@linkdim=\dimen164
\Hy@linkcounter=\count118
\Hy@pagecounter=\count119

(/usr/share/texlive/texmf-dist/tex/latex/hyperref/pd1enc.def
File: pd1enc.def 2012/11/06 v6.83m Hyperref: PDFDocEncoding definition (HO)
)
\Hy@SavedSpaceFactor=\count120

(/usr/share/texlive/texmf-dist/tex/latex/latexconfig/hyperref.cfg
File: hyperref.cfg 2002/06/06 v1.2 hyperref configuration of TeXLive
)
Package hyperref Info: Option `bookmarks' set `true' on input line 4319.
Package hyperref Info: Option `bookmarksopen' set `true' on input line 4319.
Package hyperref Info: Option `implicit' set `false' on input line 4319.
Package hyperref Info: Hyper figures OFF on input line 4443.
Package hyperref Info: Link nesting OFF on input line 4448.
Package hyperref Info: Hyper index ON on input line 4451.
Package hyperref Info: Plain pages OFF on input line 4458.
Package hyperref Info: Backreferencing OFF on input line 4463.
Package hyperref Info: Implicit mode OFF; no redefinition of LaTeX internals.
Package hyperref Info: Bookmarks ON on input line 4688.
\c@Hy@tempcnt=\count121

(/usr/share/texlive/texmf-dist/tex/latex/url/url.sty
\Urlmuskip=\muskip10
Package: url 2013/09/16  ver 3.4  Verb mode for urls, etc.
)
LaTeX Info: Redefining \url on input line 5041.
\XeTeXLinkMargin=\dimen165
\Fld@menulength=\count122
\Field@Width=\dimen166
\Fld@charsize=\dimen167
Package hyperref Info: Hyper figures OFF on input line 6295.
Package hyperref Info: Link nesting OFF on input line 6300.
Package hyperref Info: Hyper index ON on input line 6303.
Package hyperref Info: backreferencing OFF on input line 6310.
Package hyperref Info: Link coloring OFF on input line 6315.
Package hyperref Info: Link coloring with OCG OFF on input line 6320.
Package hyperref Info: PDF/A mode OFF on input line 6325.
LaTeX Info: Redefining \ref on input line 6365.
LaTeX Info: Redefining \pageref on input line 6369.
\Hy@abspage=\count123


Package hyperref Message: Stopped early.

)

Package hyperref Message: Driver (autodetected): hpdftex.

(/usr/share/texlive/texmf-dist/tex/latex/hyperref/hpdftex.def
File: hpdftex.def 2012/11/06 v6.83m Hyperref driver for pdfTeX
\Fld@listcount=\count124
\c@bookmark@seq@number=\count125

(/usr/share/texlive/texmf-dist/tex/latex/oberdiek/rerunfilecheck.sty
Package: rerunfilecheck 2011/04/15 v1.7 Rerun checks for auxiliary files (HO)
Package uniquecounter Info: New unique counter `rerunfilecheck' on input line 2
82.
))
(/usr/share/texlive/texmf-dist/tex/latex/beamer/beamerbaserequires.sty
Package: beamerbaserequires 2010/05/01  (rcs-revision efa082c6111d)

(/usr/share/texlive/texmf-dist/tex/latex/beamer/beamerbasecompatibility.sty
Package: beamerbasecompatibility 2012/05/01  (rcs-revision 67c48b3b652d)
)
(/usr/share/texlive/texmf-dist/tex/latex/beamer/beamerbasefont.sty
Package: beamerbasefont 2015/01/05  (rcs-revision b4b4bee242e2)

(/usr/share/texlive/texmf-dist/tex/latex/amsfonts/amssymb.sty
Package: amssymb 2013/01/14 v3.01 AMS font symbols

(/usr/share/texlive/texmf-dist/tex/latex/amsfonts/amsfonts.sty
Package: amsfonts 2013/01/14 v3.01 Basic AMSFonts support
\@emptytoks=\toks26
\symAMSa=\mathgroup4
\symAMSb=\mathgroup5
LaTeX Font Info:    Overwriting math alphabet `\mathfrak' in version `bold'
(Font)                  U/euf/m/n --> U/euf/b/n on input line 106.
)))
(/usr/share/texlive/texmf-dist/tex/latex/beamer/beamerbasetranslator.sty
Package: beamerbasetranslator 2010/06/11  (rcs-revision 85fd1cc7fc42)

(/usr/share/texlive/texmf-dist/tex/latex/beamer/translator/translator.sty
Package: translator 2010/06/12 ver 1.10

(/usr/share/texlive/texmf-dist/tex/latex/beamer/translator/translator-language-
mappings.tex)))
(/usr/share/texlive/texmf-dist/tex/latex/beamer/beamerbasemisc.sty
Package: beamerbasemisc 2013/09/03  (rcs-revision a55719c41d85)
)
(/usr/share/texlive/texmf-dist/tex/latex/beamer/beamerbasetwoscreens.sty
Package: beamerbasetwoscreens 2010/05/01  (rcs-revision efa082c6111d)
)
(/usr/share/texlive/texmf-dist/tex/latex/beamer/beamerbaseoverlay.sty
Package: beamerbaseoverlay 2013/12/25  (rcs-revision f6bd5e3805da)
\beamer@argscount=\count126
\beamer@lastskipcover=\skip44
\beamer@trivlistdepth=\count127
)
(/usr/share/texlive/texmf-dist/tex/latex/beamer/beamerbasetitle.sty
Package: beamerbasetitle 2010/09/21  (rcs-revision f0446ed0b6ae)
)
(/usr/share/texlive/texmf-dist/tex/latex/beamer/beamerbasesection.sty
Package: beamerbasesection 2013/06/07  (rcs-revision 60b9fe0f342f)
\c@lecture=\count128
\c@part=\count129
\c@section=\count130
\c@subsection=\count131
\c@subsubsection=\count132
)
(/usr/share/texlive/texmf-dist/tex/latex/beamer/beamerbaseframe.sty
Package: beamerbaseframe 2014/02/20  (rcs-revision 4b8ceeeff434)
\beamer@framebox=\box40
\beamer@frametitlebox=\box41
\beamer@zoombox=\box42
\beamer@zoomcount=\count133
\beamer@zoomframecount=\count134
\beamer@frametextheight=\dimen168
\c@subsectionslide=\count135
\beamer@frametopskip=\skip45
\beamer@framebottomskip=\skip46
\beamer@frametopskipautobreak=\skip47
\beamer@framebottomskipautobreak=\skip48
\beamer@envbody=\toks27
\framewidth=\dimen169
\c@framenumber=\count136
)
(/usr/share/texlive/texmf-dist/tex/latex/beamer/beamerbaseverbatim.sty
Package: beamerbaseverbatim 2015/01/05  (rcs-revision 431510bb5890)
\beamer@verbatimfileout=\write4
)
(/usr/share/texlive/texmf-dist/tex/latex/beamer/beamerbaseframesize.sty
Package: beamerbaseframesize 2011/09/12  (rcs-revision 70f9d8411e54)
\beamer@splitbox=\box43
\beamer@autobreakcount=\count137
\beamer@autobreaklastheight=\dimen170
\beamer@frametitletoks=\toks28
\beamer@framesubtitletoks=\toks29
)
(/usr/share/texlive/texmf-dist/tex/latex/beamer/beamerbaseframecomponents.sty
Package: beamerbaseframecomponents 2013/10/18  (rcs-revision 5cf6c5555a45)
\beamer@footins=\box44
)
(/usr/share/texlive/texmf-dist/tex/latex/beamer/beamerbasecolor.sty
Package: beamerbasecolor 2015/02/21  (rcs-revision d944b04ee2d5)
)
(/usr/share/texlive/texmf-dist/tex/latex/beamer/beamerbasenotes.sty
Package: beamerbasenotes 2012/12/19  (rcs-revision 1686da3db3c9)
\beamer@frameboxcopy=\box45
)
(/usr/share/texlive/texmf-dist/tex/latex/beamer/beamerbasetoc.sty
Package: beamerbasetoc 2015/03/08  (rcs-revision 7270298bbaae)
)
(/usr/share/texlive/texmf-dist/tex/latex/beamer/beamerbasetemplates.sty
Package: beamerbasetemplates 2010/05/01  (rcs-revision efa082c6111d)
\beamer@sbttoks=\toks30

(/usr/share/texlive/texmf-dist/tex/latex/beamer/beamerbaseauxtemplates.sty
Package: beamerbaseauxtemplates 2014/06/30  (rcs-revision 580088513a67)

(/usr/share/texlive/texmf-dist/tex/latex/beamer/beamerbaseboxes.sty
Package: beamerbaseboxes 2012/05/13  (rcs-revision 56972908a390)
\bmb@box=\box46
\bmb@colorbox=\box47
\bmb@boxshadow=\box48
\bmb@boxshadowball=\box49
\bmb@boxshadowballlarge=\box50
\bmb@temp=\dimen171
\bmb@dima=\dimen172
\bmb@dimb=\dimen173
\bmb@prevheight=\dimen174
)
\beamer@blockheadheight=\dimen175
))
(/usr/share/texlive/texmf-dist/tex/latex/beamer/beamerbaselocalstructure.sty
Package: beamerbaselocalstructure 2014/09/10  (rcs-revision 393f6dcff371)

(/usr/share/texlive/texmf-dist/tex/latex/tools/enumerate.sty
Package: enumerate 2015/07/23 v3.00 enumerate extensions (DPC)
\@enLab=\toks31
)
\c@figure=\count138
\c@table=\count139
\abovecaptionskip=\skip49
\belowcaptionskip=\skip50
)
(/usr/share/texlive/texmf-dist/tex/latex/beamer/beamerbasenavigation.sty
Package: beamerbasenavigation 2015/02/27  (rcs-revision 923f4bf87efa)
\beamer@section@min@dim=\dimen176
)
(/usr/share/texlive/texmf-dist/tex/latex/beamer/beamerbasetheorems.sty
Package: beamerbasetheorems 2010/06/06  (rcs-revision 7e7cc5e53e9d)

(/usr/share/texlive/texmf-dist/tex/latex/amsmath/amsmath.sty
Package: amsmath 2016/03/03 v2.15a AMS math features
\@mathmargin=\skip51

For additional information on amsmath, use the `?' option.
(/usr/share/texlive/texmf-dist/tex/latex/amsmath/amstext.sty
Package: amstext 2000/06/29 v2.01 AMS text

(/usr/share/texlive/texmf-dist/tex/latex/amsmath/amsgen.sty
File: amsgen.sty 1999/11/30 v2.0 generic functions
\@emptytoks=\toks32
\ex@=\dimen177
))
(/usr/share/texlive/texmf-dist/tex/latex/amsmath/amsbsy.sty
Package: amsbsy 1999/11/29 v1.2d Bold Symbols
\pmbraise@=\dimen178
)
(/usr/share/texlive/texmf-dist/tex/latex/amsmath/amsopn.sty
Package: amsopn 1999/12/14 v2.01 operator names
)
\inf@bad=\count140
LaTeX Info: Redefining \frac on input line 199.
\uproot@=\count141
\leftroot@=\count142
LaTeX Info: Redefining \overline on input line 297.
\classnum@=\count143
\DOTSCASE@=\count144
LaTeX Info: Redefining \ldots on input line 394.
LaTeX Info: Redefining \dots on input line 397.
LaTeX Info: Redefining \cdots on input line 518.
\Mathstrutbox@=\box51
\strutbox@=\box52
\big@size=\dimen179
LaTeX Font Info:    Redeclaring font encoding OML on input line 630.
LaTeX Font Info:    Redeclaring font encoding OMS on input line 631.
\macc@depth=\count145
\c@MaxMatrixCols=\count146
\dotsspace@=\muskip11
\c@parentequation=\count147
\dspbrk@lvl=\count148
\tag@help=\toks33
\row@=\count149
\column@=\count150
\maxfields@=\count151
\andhelp@=\toks34
\eqnshift@=\dimen180
\alignsep@=\dimen181
\tagshift@=\dimen182
\tagwidth@=\dimen183
\totwidth@=\dimen184
\lineht@=\dimen185
\@envbody=\toks35
\multlinegap=\skip52
\multlinetaggap=\skip53
\mathdisplay@stack=\toks36
LaTeX Info: Redefining \[ on input line 2735.
LaTeX Info: Redefining \] on input line 2736.
)
(/usr/share/texlive/texmf-dist/tex/latex/amscls/amsthm.sty
Package: amsthm 2015/03/04 v2.20.2
\thm@style=\toks37
\thm@bodyfont=\toks38
\thm@headfont=\toks39
\thm@notefont=\toks40
\thm@headpunct=\toks41
\thm@preskip=\skip54
\thm@postskip=\skip55
\thm@headsep=\skip56
\dth@everypar=\toks42
)
\c@theorem=\count152
)
(/usr/share/texlive/texmf-dist/tex/latex/beamer/beamerbasethemes.sty
Package: beamerbasethemes 2010/05/01  (rcs-revision efa082c6111d)
))
(/usr/share/texlive/texmf-dist/tex/latex/beamer/themes/theme/beamerthemedefault
.sty
Package: beamerthemedefault 2010/06/17  (rcs-revision d02a7cf4d8ae)

(/usr/share/texlive/texmf-dist/tex/latex/beamer/themes/font/beamerfontthemedefa
ult.sty
Package: beamerfontthemedefault 2012/12/19  (rcs-revision 1686da3db3c9)
)
(/usr/share/texlive/texmf-dist/tex/latex/beamer/themes/color/beamercolorthemede
fault.sty
Package: beamercolorthemedefault 2012/12/19  (rcs-revision 1686da3db3c9)
)
(/usr/share/texlive/texmf-dist/tex/latex/beamer/themes/inner/beamerinnerthemede
fault.sty
Package: beamerinnerthemedefault 2014/06/30  (rcs-revision 580088513a67)
\beamer@dima=\dimen186
\beamer@dimb=\dimen187
)
(/usr/share/texlive/texmf-dist/tex/latex/beamer/themes/outer/beamerouterthemede
fault.sty
Package: beamerouterthemedefault 2012/12/19  (rcs-revision 1686da3db3c9)
))) (/usr/share/texlive/texmf-dist/tex/latex/base/inputenc.sty
Package: inputenc 2015/03/17 v1.2c Input encoding file
\inpenc@prehook=\toks43
\inpenc@posthook=\toks44

(/usr/share/texlive/texmf-dist/tex/latex/base/latin1.def
File: latin1.def 2015/03/17 v1.2c Input encoding file
))
(/usr/share/texlive/texmf-dist/tex/latex/tools/bm.sty
Package: bm 2014/10/28 v1.1c Bold Symbol Support (DPC/FMi)
\symboldoperators=\mathgroup6
\symboldletters=\mathgroup7
\symboldsymbols=\mathgroup8
LaTeX Font Info:    Redeclaring math alphabet \mathbf on input line 141.
LaTeX Info: Redefining \bm on input line 207.
)
(/usr/share/texlive/texmf-dist/tex/latex/tools/array.sty
Package: array 2014/10/28 v2.4c Tabular extension package (FMi)
\col@sep=\dimen188
\extrarowheight=\dimen189
\NC@list=\toks45
\extratabsurround=\skip57
\backup@length=\skip58
)
(/usr/share/texlive/texmf-dist/tex/latex/setspace/setspace.sty
Package: setspace 2011/12/19 v6.7a set line spacing
)
(/usr/share/texlive/texmf-dist/tex/latex/wrapfig/wrapfig.sty
\wrapoverhang=\dimen190
\WF@size=\dimen191
\c@WF@wrappedlines=\count153
\WF@box=\box53
\WF@everypar=\toks46
Package: wrapfig 2003/01/31  v 3.6
)
(/usr/share/texlive/texmf-dist/tex/latex/hanging/hanging.sty
Package: hanging 2009/09/02 v1.2b hanging paragraphs and punctuation
\h@ngcommawd=\skip59
\h@ngfstopwd=\skip60
\h@ngquotewd=\skip61
\h@ngdquotewd=\skip62
\h@ngquerywd=\skip63
\h@ngexclwd=\skip64
\h@ngcolonwd=\skip65
\h@ngscolonwd=\skip66
)
(/usr/share/texlive/texmf-dist/tex/latex/beamer/themes/theme/beamerthemeWarsaw.
sty
Package: beamerthemeWarsaw 2010/06/17  (rcs-revision d02a7cf4d8ae)

(/usr/share/texlive/texmf-dist/tex/latex/beamer/themes/inner/beamerinnerthemero
unded.sty
Package: beamerinnerthemerounded 2010/06/17  (rcs-revision d02a7cf4d8ae)
)
(/usr/share/texlive/texmf-dist/tex/latex/beamer/themes/outer/beamerouterthemesh
adow.sty
Package: beamerouterthemeshadow 2010/06/17  (rcs-revision d02a7cf4d8ae)

(/usr/share/texlive/texmf-dist/tex/latex/beamer/themes/outer/beamerouterthemesp
lit.sty
Package: beamerouterthemesplit 2012/10/16  (rcs-revision 51a8c72084af)
))
(/usr/share/texlive/texmf-dist/tex/latex/beamer/themes/color/beamercolorthemeor
chid.sty
Package: beamercolorthemeorchid 2010/06/17  (rcs-revision d02a7cf4d8ae)
)
(/usr/share/texlive/texmf-dist/tex/latex/beamer/themes/color/beamercolorthemewh
ale.sty
Package: beamercolorthemewhale 2010/06/17  (rcs-revision d02a7cf4d8ae)
)) (./NMR_lectures1.aux

LaTeX Warning: Label `fig1' multiply defined.


LaTeX Warning: Label `fig1' multiply defined.


LaTeX Warning: Label `fig1' multiply defined.


LaTeX Warning: Label `precession' multiply defined.


LaTeX Warning: Label `fig:rot_frame' multiply defined.


LaTeX Warning: Label `precession' multiply defined.

)
\openout1 = `NMR_lectures1.aux'.

LaTeX Font Info:    Checking defaults for OML/cmm/m/it on input line 50.
LaTeX Font Info:    ... okay on input line 50.
LaTeX Font Info:    Checking defaults for T1/cmr/m/n on input line 50.
LaTeX Font Info:    ... okay on input line 50.
LaTeX Font Info:    Checking defaults for OT1/cmr/m/n on input line 50.
LaTeX Font Info:    ... okay on input line 50.
LaTeX Font Info:    Checking defaults for OMS/cmsy/m/n on input line 50.
LaTeX Font Info:    ... okay on input line 50.
LaTeX Font Info:    Checking defaults for OMX/cmex/m/n on input line 50.
LaTeX Font Info:    ... okay on input line 50.
LaTeX Font Info:    Checking defaults for U/cmr/m/n on input line 50.
LaTeX Font Info:    ... okay on input line 50.
LaTeX Font Info:    Checking defaults for PD1/pdf/m/n on input line 50.
LaTeX Font Info:    ... okay on input line 50.

*geometry* driver: auto-detecting
*geometry* detected driver: pdftex
*geometry* verbose mode - [ preamble ] result:
* driver: pdftex
* paper: custom
* layout: <same size as paper>
* layoutoffset:(h,v)=(0.0pt,0.0pt)
* modes: includehead includefoot 
* h-part:(L,W,R)=(28.45274pt, 307.28987pt, 28.45274pt)
* v-part:(T,H,B)=(0.0pt, 273.14662pt, 0.0pt)
* \paperwidth=364.19536pt
* \paperheight=273.14662pt
* \textwidth=307.28987pt
* \textheight=244.6939pt
* \oddsidemargin=-43.81725pt
* \evensidemargin=-43.81725pt
* \topmargin=-72.26999pt
* \headheight=14.22636pt
* \headsep=0.0pt
* \topskip=11.0pt
* \footskip=14.22636pt
* \marginparwidth=4.0pt
* \marginparsep=10.0pt
* \columnsep=10.0pt
* \skip\footins=10.0pt plus 4.0pt minus 2.0pt
* \hoffset=0.0pt
* \voffset=0.0pt
* \mag=1000
* \@twocolumnfalse
* \@twosidefalse
* \@mparswitchfalse
* \@reversemarginfalse
* (1in=72.27pt=25.4mm, 1cm=28.453pt)

(/usr/share/texlive/texmf-dist/tex/context/base/supp-pdf.mkii
[Loading MPS to PDF converter (version 2006.09.02).]
\scratchcounter=\count154
\scratchdimen=\dimen192
\scratchbox=\box54
\nofMPsegments=\count155
\nofMParguments=\count156
\everyMPshowfont=\toks47
\MPscratchCnt=\count157
\MPscratchDim=\dimen193
\MPnumerator=\count158
\makeMPintoPDFobject=\count159
\everyMPtoPDFconversion=\toks48
) (/usr/share/texlive/texmf-dist/tex/latex/oberdiek/epstopdf-base.sty
Package: epstopdf-base 2010/02/09 v2.5 Base part for package epstopdf

(/usr/share/texlive/texmf-dist/tex/latex/oberdiek/grfext.sty
Package: grfext 2010/08/19 v1.1 Manage graphics extensions (HO)
)
Package grfext Info: Graphics extension search list:
(grfext)             [.png,.pdf,.jpg,.mps,.jpeg,.jbig2,.jb2,.PNG,.PDF,.JPG,.JPE
G,.JBIG2,.JB2,.eps]
(grfext)             \AppendGraphicsExtensions on input line 452.

(/usr/share/texlive/texmf-dist/tex/latex/latexconfig/epstopdf-sys.cfg
File: epstopdf-sys.cfg 2010/07/13 v1.3 Configuration of (r)epstopdf for TeX Liv
e
))
ABD: EveryShipout initializing macros
\AtBeginShipoutBox=\box55
Package hyperref Info: Link coloring OFF on input line 50.

(/usr/share/texlive/texmf-dist/tex/latex/hyperref/nameref.sty
Package: nameref 2012/10/27 v2.43 Cross-referencing by name of section

(/usr/share/texlive/texmf-dist/tex/generic/oberdiek/gettitlestring.sty
Package: gettitlestring 2010/12/03 v1.4 Cleanup title references (HO)
)
\c@section@level=\count160
)
LaTeX Info: Redefining \ref on input line 50.
LaTeX Info: Redefining \pageref on input line 50.
LaTeX Info: Redefining \nameref on input line 50.

(./NMR_lectures1.out) (./NMR_lectures1.out)
\@outlinefile=\write5
\openout5 = `NMR_lectures1.out'.

LaTeX Font Info:    Overwriting symbol font `operators' in version `normal'
(Font)                  OT1/cmr/m/n --> OT1/cmss/m/n on input line 50.
LaTeX Font Info:    Overwriting symbol font `operators' in version `bold'
(Font)                  OT1/cmr/bx/n --> OT1/cmss/bx/n on input line 50.
\symnumbers=\mathgroup9
\sympureletters=\mathgroup10
LaTeX Font Info:    Overwriting math alphabet `\mathrm' in version `normal'
(Font)                  OT1/cmss/m/n --> OT1/cmr/m/n on input line 50.
LaTeX Font Info:    Redeclaring math alphabet \mathbf on input line 50.
LaTeX Font Info:    Redeclaring math alphabet \mathsf on input line 50.
LaTeX Font Info:    Overwriting math alphabet `\mathsf' in version `normal'
(Font)                  OT1/cmss/m/n --> OT1/cmss/m/n on input line 50.
LaTeX Font Info:    Overwriting math alphabet `\mathsf' in version `bold'
(Font)                  OT1/cmss/bx/n --> OT1/cmss/m/n on input line 50.
LaTeX Font Info:    Redeclaring math alphabet \mathit on input line 50.
LaTeX Font Info:    Overwriting math alphabet `\mathit' in version `normal'
(Font)                  OT1/cmr/m/it --> OT1/cmss/m/it on input line 50.
LaTeX Font Info:    Overwriting math alphabet `\mathit' in version `bold'
(Font)                  OT1/cmr/bx/it --> OT1/cmss/m/it on input line 50.
LaTeX Font Info:    Redeclaring math alphabet \mathtt on input line 50.
LaTeX Font Info:    Overwriting math alphabet `\mathtt' in version `normal'
(Font)                  OT1/cmtt/m/n --> OT1/cmtt/m/n on input line 50.
LaTeX Font Info:    Overwriting math alphabet `\mathtt' in version `bold'
(Font)                  OT1/cmtt/m/n --> OT1/cmtt/m/n on input line 50.
LaTeX Font Info:    Overwriting symbol font `numbers' in version `bold'
(Font)                  OT1/cmss/m/n --> OT1/cmss/bx/n on input line 50.
LaTeX Font Info:    Overwriting symbol font `pureletters' in version `bold'
(Font)                  OT1/cmss/m/it --> OT1/cmss/bx/it on input line 50.
LaTeX Font Info:    Overwriting math alphabet `\mathrm' in version `bold'
(Font)                  OT1/cmss/bx/n --> OT1/cmr/bx/n on input line 50.
LaTeX Font Info:    Overwriting math alphabet `\mathbf' in version `bold'
(Font)                  OT1/cmss/bx/n --> OT1/cmss/bx/n on input line 50.
LaTeX Font Info:    Overwriting math alphabet `\mathsf' in version `bold'
(Font)                  OT1/cmss/m/n --> OT1/cmss/bx/n on input line 50.
LaTeX Font Info:    Overwriting math alphabet `\mathit' in version `bold'
(Font)                  OT1/cmss/m/it --> OT1/cmss/bx/it on input line 50.
LaTeX Font Info:    Overwriting math alphabet `\mathtt' in version `bold'
(Font)                  OT1/cmtt/m/n --> OT1/cmtt/bx/n on input line 50.

(/usr/share/texlive/texmf-dist/tex/latex/beamer/translator/dicts/translator-bas
ic-dictionary/translator-basic-dictionary-English.dict
Dictionary: translator-basic-dictionary, Language: English 
)
(/usr/share/texlive/texmf-dist/tex/latex/beamer/translator/dicts/translator-bib
liography-dictionary/translator-bibliography-dictionary-English.dict
Dictionary: translator-bibliography-dictionary, Language: English 
)
(/usr/share/texlive/texmf-dist/tex/latex/beamer/translator/dicts/translator-env
ironment-dictionary/translator-environment-dictionary-English.dict
Dictionary: translator-environment-dictionary, Language: English 
)
(/usr/share/texlive/texmf-dist/tex/latex/beamer/translator/dicts/translator-mon
ths-dictionary/translator-months-dictionary-English.dict
Dictionary: translator-months-dictionary, Language: English 
)
(/usr/share/texlive/texmf-dist/tex/latex/beamer/translator/dicts/translator-num
bers-dictionary/translator-numbers-dictionary-English.dict
Dictionary: translator-numbers-dictionary, Language: English 
)
(/usr/share/texlive/texmf-dist/tex/latex/beamer/translator/dicts/translator-the
orem-dictionary/translator-theorem-dictionary-English.dict
Dictionary: translator-theorem-dictionary, Language: English 
)
LaTeX Info: Redefining \includegraphics on input line 50.

(./NMR_lectures1.nav)

LaTeX Font Warning: Font shape `OT1/cmss/m/n' in size <4> not available
(Font)              size <5> substituted on input line 54.

[1

{/var/lib/texmf/fonts/map/pdftex/updmap/pdftex.map}] (./NMR_lectures1.toc)
[2

] [3

] <wine_spectrum.jpg, id=192, 722.7pt x 542.025pt>
File: wine_spectrum.jpg Graphic file (type jpg)

<use wine_spectrum.jpg>
Package pdftex.def Info: wine_spectrum.jpg used on input line 96.
(pdftex.def)             Requested size: 138.2795pt x 103.70535pt.
LaTeX Font Info:    Try loading font information for U+msa on input line 96.

(/usr/share/texlive/texmf-dist/tex/latex/amsfonts/umsa.fd
File: umsa.fd 2013/01/14 v3.01 AMS symbols A
)
LaTeX Font Info:    Try loading font information for U+msb on input line 96.

(/usr/share/texlive/texmf-dist/tex/latex/amsfonts/umsb.fd
File: umsb.fd 2013/01/14 v3.01 AMS symbols B
)
<prion.jpg, id=195, 1284.8pt x 1055.945pt>
File: prion.jpg Graphic file (type jpg)
 <use prion.jpg>
Package pdftex.def Info: prion.jpg used on input line 96.
(pdftex.def)             Requested size: 138.2795pt x 113.64076pt.

Underfull \hbox (badness 7030) in paragraph at lines 96--96
[]\OT1/cmss/m/n/8 Fig.2: NMR-derived struc-ture of
 []


Underfull \hbox (badness 10000) in paragraph at lines 96--96
\OT1/cmss/m/n/8 a prion []$\OT1/cmtt/m/n/8 http : / / www . pnas . org /
 []

[4

 <./wine_spectrum.jpg> <./prion.jpg>]
<well_logging1.jpg, id=209, 147.46986pt x 415.0642pt>
File: well_logging1.jpg Graphic file (type jpg)
 <use well_logging1.jpg>
Package pdftex.def Info: well_logging1.jpg used on input line 129.
(pdftex.def)             Requested size: 46.0916pt x 129.72623pt.

<well_logging2.png, id=210, 198.7425pt x 326.21875pt>
File: well_logging2.png Graphic file (type png)
 <use well_logging2.png>
Package pdftex.def Info: well_logging2.png used on input line 129.
(pdftex.def)             Requested size: 46.0916pt x 75.65591pt.

<well_logging3.png, id=212, 361.35pt x 864.22874pt>
File: well_logging3.png Graphic file (type png)
 <use well_logging3.png>
Package pdftex.def Info: well_logging3.png used on input line 129.
(pdftex.def)             Requested size: 46.0916pt x 110.23056pt.

[5

 <./well_logging1.jpg> <./well_logging2.png> <./well_logging3.png>]
<mri.jpeg, id=223, 1499.6025pt x 1220.56pt>
File: mri.jpeg Graphic file (type jpg)
 <use mri.jpeg>
Package pdftex.def Info: mri.jpeg used on input line 141.
(pdftex.def)             Requested size: 215.10196pt x 175.06769pt.

Overfull \vbox (7.89615pt too high) detected at line 141
 []

[6

 <./mri.jpeg>]

LaTeX Font Warning: Font shape `OT1/cmss/bx/it' undefined
(Font)              using `OT1/cmss/bx/n' instead on input line 174.


Class beamer Warning: Frame text is shrunk by a factor of 9.55658 percent inste
ad of 5 percent on input line 174.

[7

] [8

] <precession.png, id=252, 170.0754pt x 205.2468pt>
File: precession.png Graphic file (type png)
 <use precession.png>
Package pdftex.def Info: precession.png used on input line 230.
(pdftex.def)             Requested size: 86.03946pt x 103.83514pt.

[9

 <./precession.png>] [10

] [11

] [12

] [13

] [14

]
Overfull \hbox (7.16524pt too wide) in paragraph at lines 350--350
 []|\OT1/cmss/m/n/10.95 Nucleus| 
 []


Overfull \hbox (6.00941pt too wide) in paragraph at lines 350--350
 []|\OT1/cmss/m/n/10.95 Nuclear 
 []


Overfull \hbox (8.78488pt too wide) in paragraph at lines 350--350
 [] 
 []


Overfull \vbox (1.47937pt too high) detected at line 350
 []

[15

] [16

] <two-level_system.png, id=314, 446.6286pt x 298.2342pt>
File: two-level_system.png Graphic file (type png)

<use two-level_system.png>
Package pdftex.def Info: two-level_system.png used on input line 382.
(pdftex.def)             Requested size: 153.64493pt x 102.59511pt.
 [17

 <./two-level_system.png>]
Underfull \hbox (badness 10000) in paragraph at lines 411--411
[][]\OT1/cmss/m/n/9 More can be found in Bruker Al-manac at
 []


Underfull \hbox (badness 10000) in paragraph at lines 411--411
\OT1/cmss/m/n/9 https://lsa.umich.edu/content/dam/chem-assets/chem-
 []


Overfull \hbox (7.16524pt too wide) in paragraph at lines 411--411
 []|\OT1/cmss/m/n/10.95 Nucleus| 
 []


Overfull \hbox (6.00941pt too wide) in paragraph at lines 411--411
 []|\OT1/cmss/m/n/10.95 Nuclear 
 []

[18

] [19

]
Overfull \vbox (6.85196pt too high) detected at line 450
 []

[20

]

Class beamer Warning: Frame text is shrunk by a factor of 15.46173 percent inst
ead of 5 percent on input line 476.

[21

] <two-level_excite.png, id=353, 445.1832pt x 298.2342pt>
File: two-level_excite.png Graphic file (type png)

<use two-level_excite.png>
Package pdftex.def Info: two-level_excite.png used on input line 492.
(pdftex.def)             Requested size: 153.64493pt x 102.9273pt.
 [22

 <./two-level_excite.png>]
<two_level_population.png, id=362, 306.9066pt x 232.7094pt>
File: two_level_population.png Graphic file (type png)

<use two_level_population.png>
Package pdftex.def Info: two_level_population.png used on input line 507.
(pdftex.def)             Requested size: 92.1879pt x 69.90211pt.
 [23

 <./two_level_population.png>] [24

] [25

]
[26

] (./NMR_lectures1.toc) [27

]
<diamagnetic_term.png, id=412, 245.718pt x 246.6816pt>
File: diamagnetic_term.png Graphic file (type png)

<use diamagnetic_term.png>
Package pdftex.def Info: diamagnetic_term.png used on input line 589.
(pdftex.def)             Requested size: 110.62401pt x 111.05838pt.
 [28

 <./diamagnetic_term.png>]
<benzene1.png, id=421, 516.4896pt x 159.9576pt>
File: benzene1.png Graphic file (type png)
 <use benzene1.png>
Package pdftex.def Info: benzene1.png used on input line 649.
(pdftex.def)             Requested size: 92.1879pt x 28.54948pt.

<benzene2.png, id=422, 468.7914pt x 384.9582pt>
File: benzene2.png Graphic file (type png)
 <use benzene2.png>
Package pdftex.def Info: benzene2.png used on input line 649.
(pdftex.def)             Requested size: 92.1879pt x 75.698pt.

Underfull \hbox (badness 1622) in paragraph at lines 649--649
[]\OT1/cmss/m/n/8 Fig.5: (top) Schematic
 []


Underfull \hbox (badness 4595) in paragraph at lines 649--649
\OT1/cmss/m/n/8 rep-sre-sen-ta-tion of elec-
 []


Underfull \hbox (badness 1616) in paragraph at lines 649--649
\OT1/cmss/m/n/8 tron or-bitals in a ben-
 []


Underfull \hbox (badness 4595) in paragraph at lines 649--649
\OT1/cmss/m/n/8 lo-cal fields in a ben-
 []


Underfull \hbox (badness 2111) in paragraph at lines 649--649
\OT1/cmss/m/n/8 zene molecule pro-duced
 []


Underfull \hbox (badness 1270) in paragraph at lines 649--649
\OT1/cmss/m/n/8 by elec-tron cur-rents in-
 []

[29

 <./benzene1.png> <./benzene2.png>]
<tetramethylsilane.png, id=433, 99.31142pt x 76.3517pt>
File: tetramethylsilane.png Graphic file (type png)

<use tetramethylsilane.png>
Package pdftex.def Info: tetramethylsilane.png used on input line 679.
(pdftex.def)             Requested size: 49.65558pt x 38.17575pt.

Overfull \hbox (3.56398pt too wide) in paragraph at lines 679--679
 [][] 
 []

<proton_chemical_shifts.png, id=434, 418.13358pt x 264.99pt>
File: proton_chemical_shifts.png Graphic file (type png)

<use proton_chemical_shifts.png>
Package pdftex.def Info: proton_chemical_shifts.png used on input line 679.
(pdftex.def)             Requested size: 153.64493pt x 97.3695pt.

Underfull \hbox (badness 1077) in paragraph at lines 679--679
[]\OT1/cmss/m/n/8 Fig.6: Chem-i-cal shifts in var-i-ous or-ganic molecules Sour
ce: []$\OT1/cmtt/m/n/8 http : / / orgchem .
 []


Overfull \vbox (2.89871pt too high) detected at line 679
 []

[30

 <./tetramethylsilane.png> <./proton_chemical_shifts.png>]
<methyl_acetate.png, id=449, 410.53375pt x 238.8925pt>
File: methyl_acetate.png Graphic file (type png)

<use methyl_acetate.png>
Package pdftex.def Info: methyl_acetate.png used on input line 703.
(pdftex.def)             Requested size: 122.91406pt x 71.52249pt.

Underfull \hbox (badness 10000) in paragraph at lines 703--703
[]\OT1/cmss/m/n/8 Fig.7: $[]$H spec-trum of
 []


Underfull \hbox (badness 10000) in paragraph at lines 703--703
\OT1/cmss/m/n/8 methyl ac-etate. Source:
 []


Underfull \hbox (badness 10000) in paragraph at lines 703--703
[]$\OT1/cmtt/m/n/8 http : / / chemwiki . ucdavies .
 []

[31

 <./methyl_acetate.png>]
<carbon_chemical_shifts.png, id=461, 688.5725pt x 211.79124pt>
File: carbon_chemical_shifts.png Graphic file (type png)

<use carbon_chemical_shifts.png>
Package pdftex.def Info: carbon_chemical_shifts.png used on input line 711.
(pdftex.def)             Requested size: 307.28987pt x 94.51665pt.
 [32

 <./carbon_chemical_shifts.png>]
<J-coupling.png, id=470, 436.9926pt x 185.0112pt>
File: J-coupling.png Graphic file (type png)
 <use J-coupling.png>
Package pdftex.def Info: J-coupling.png used on input line 724.
(pdftex.def)             Requested size: 218.49576pt x 92.50537pt.

Overfull \vbox (4.98111pt too high) detected at line 724
 []

[33

 <./J-coupling.png>] [34

] [35

] [36

]
<AXsystem.png, id=497, 840.741pt x 628.749pt>
File: AXsystem.png Graphic file (type png)
 <use AXsystem.png>
Package pdftex.def Info: AXsystem.png used on input line 810.
(pdftex.def)             Requested size: 245.83282pt x 183.83878pt.
pdfTeX warning (ext4): destination with the same identifier (name{fig1}) has be
en already used, duplicate ignored
<to be read again> 
                   \relax 
l.810 \end{frame}
                 
Overfull \vbox (23.52281pt too high) detected at line 810
 []

[37

 <./AXsystem.png>] [38

]
<nmracetaldehyde.png, id=512, 970.3452pt x 443.7378pt>
File: nmracetaldehyde.png Graphic file (type png)

<use nmracetaldehyde.png>
Package pdftex.def Info: nmracetaldehyde.png used on input line 853.
(pdftex.def)             Requested size: 194.0656pt x 88.74599pt.
pdfTeX warning (ext4): destination with the same identifier (name{fig1}) has be
en already used, duplicate ignored
<to be read again> 
                   \relax 
l.853 \end{frame}
                  [39

 <./nmracetaldehyde.png>]
<ethyl_alcohol.jpg, id=520, 200.75pt x 200.75pt>
File: ethyl_alcohol.jpg Graphic file (type jpg)
 <use ethyl_alcohol.jpg>
Package pdftex.def Info: ethyl_alcohol.jpg used on input line 870.
(pdftex.def)             Requested size: 40.14928pt x 40.14928pt.

<ethyl_alcohol_nmr.png, id=521, 622.325pt x 456.70625pt>
File: ethyl_alcohol_nmr.png Graphic file (type png)

<use ethyl_alcohol_nmr.png>
Package pdftex.def Info: ethyl_alcohol_nmr.png used on input line 870.
(pdftex.def)             Requested size: 124.46278pt x 91.33963pt.

Overfull \vbox (8.14804pt too high) detected at line 870
 []

[40

 <./ethyl_alcohol.jpg> <./ethyl_alcohol_nmr.png>]
<j-couplings.png, id=529, 385.44pt x 166.6225pt>
File: j-couplings.png Graphic file (type png)
 <use j-couplings.png>
Package pdftex.def Info: j-couplings.png used on input line 902.
(pdftex.def)             Requested size: 154.17326pt x 66.64781pt.

Underfull \hbox (badness 10000) in paragraph at lines 902--902
[]\OT1/cmss/m/n/8 Fig.13: Typ-i-cal J-couplings []$\OT1/cmtt/m/n/8 https : / / 
chem . libretexts . org / Textbook _ Maps /
 []

<C2H2Cl4.png, id=532, 820.9872pt x 399.4122pt>
File: C2H2Cl4.png Graphic file (type png)
 <use C2H2Cl4.png>
Package pdftex.def Info: C2H2Cl4.png used on input line 902.
(pdftex.def)             Requested size: 98.5142pt x 47.92738pt.

Underfull \hbox (badness 10000) in paragraph at lines 902--902
[]\OT1/cmss/m/n/8 Fig.14: Di-he-dral an-gle in 1,1,2,2-
 []

pdfTeX warning (ext4): destination with the same identifier (name{fig1}) has be
en already used, duplicate ignored
<to be read again> 
                   \relax 
l.902 \end{frame}
                 
Overfull \vbox (6.36618pt too high) detected at line 902
 []

[41

 <./j-couplings.png> <./C2H2Cl4.png>]
<CF3H.png, id=542, 466.8642pt x 383.031pt>
File: CF3H.png Graphic file (type png)
 <use CF3H.png>
Package pdftex.def Info: CF3H.png used on input line 911.
(pdftex.def)             Requested size: 233.43152pt x 191.51503pt.
 [42

 <./CF3H.png>]
[43

] [44

]
File: tetramethylsilane.png Graphic file (type png)
 <use tetramethylsilane.png>
Package pdftex.def Info: tetramethylsilane.png used on input line 968.
(pdftex.def)             Requested size: 49.65558pt x 38.17575pt.

<Benzene-2D-flat.png, id=561, 275.0275pt x 295.1025pt>
File: Benzene-2D-flat.png Graphic file (type png)

<use Benzene-2D-flat.png>
Package pdftex.def Info: Benzene-2D-flat.png used on input line 968.
(pdftex.def)             Requested size: 41.25233pt x 44.26346pt.
 [45

 <./Benzene-2D-flat.png>]
<DBTproblem1.png, id=570, 461.0826pt x 176.8206pt>
File: DBTproblem1.png Graphic file (type png)
 <use DBTproblem1.png>
Package pdftex.def Info: DBTproblem1.png used on input line 976.
(pdftex.def)             Requested size: 138.32584pt x 53.04657pt.

[46

 <./DBTproblem1.png>]
File: DBTproblem1.png Graphic file (type png)
 <use DBTproblem1.png>
Package pdftex.def Info: DBTproblem1.png used on input line 983.
(pdftex.def)             Requested size: 184.42976pt x 70.72697pt.

<DBTproblem2.png, id=578, 785.8158pt x 276.0714pt>
File: DBTproblem2.png Graphic file (type png)
 <use DBTproblem2.png>
Package pdftex.def Info: DBTproblem2.png used on input line 983.
(pdftex.def)             Requested size: 314.32076pt x 110.42659pt.

Overfull \hbox (7.03088pt too wide) in paragraph at lines 983--983
 [][] 
 []

[47

 <./DBTproblem2.png>] [48

] <ABsystem.png, id=591, 796.8972pt x 619.5948pt>
File: ABsystem.png Graphic file (type png)

<use ABsystem.png>
Package pdftex.def Info: ABsystem.png used on input line 1040.
(pdftex.def)             Requested size: 159.37662pt x 123.91676pt.

Overfull \vbox (11.36858pt too high) detected at line 1040
 []

[49

 <./ABsystem.png>]
Overfull \hbox (27.82126pt too wide) in paragraph at lines 1054--1054
[]  
 []

[50

] <bromothiophene.png, id=608, 596.2275pt x 445.665pt>
File: bromothiophene.png Graphic file (type png)

<use bromothiophene.png>
Package pdftex.def Info: bromothiophene.png used on input line 1077.
(pdftex.def)             Requested size: 149.0565pt x 111.41597pt.
 [51

 <./bromothiophene.png>]
<ABspectra.png, id=620, 1009.8528pt x 276.0714pt>
File: ABspectra.png Graphic file (type png)
 <use ABspectra.png>
Package pdftex.def Info: ABspectra.png used on input line 1107.
(pdftex.def)             Requested size: 252.46259pt x 69.01767pt.
 [52

 <./ABspectra.png>] <ABspectra2.png, id=629, 442.2924pt x 470.7186pt>
File: ABspectra2.png Graphic file (type png)

<use ABspectra2.png>
Package pdftex.def Info: ABspectra2.png used on input line 1115.
(pdftex.def)             Requested size: 176.91382pt x 188.28409pt.
 [53

 <./ABspectra2.png>] [54

] (./NMR_lectures1.toc)
[55

]
Overfull \hbox (13.68913pt too wide) in paragraph at lines 1158--1158
[] 
 []

<dipolar_fields.png, id=659, 718.685pt x 555.07375pt>
File: dipolar_fields.png Graphic file (type png)
 <use dipolar_fields.png>
Package pdftex.def Info: dipolar_fields.png used on input line 1158.
(pdftex.def)             Requested size: 71.8727pt x 55.51062pt.

Overfull \vbox (3.49156pt too high) detected at line 1158
 []

[56

 <./dipolar_fields.png>] [57

] [58

] [59

] [60

] [61

] [62

]
<NMRdoublets.png, id=706, 748.2354pt x 246.1998pt>
File: NMRdoublets.png Graphic file (type png)
 <use NMRdoublets.png>
Package pdftex.def Info: NMRdoublets.png used on input line 1271.
(pdftex.def)             Requested size: 224.47235pt x 73.8605pt.

[63

 <./NMRdoublets.png>]
<powder_pattern.png, id=715, 249.93375pt x 307.1475pt>
File: powder_pattern.png Graphic file (type png)

<use powder_pattern.png>
Package pdftex.def Info: powder_pattern.png used on input line 1291.
(pdftex.def)             Requested size: 74.9807pt x 92.14496pt.

Underfull \hbox (badness 3449) in paragraph at lines 1291--1291
[]\OT1/cmss/m/n/8 Fig.20: Pow-der pat-ter
 []


Underfull \hbox (badness 1565) in paragraph at lines 1291--1291
\OT1/cmss/m/n/8 lated to con-ti-nous line.
 []


Underfull \hbox (badness 4217) in paragraph at lines 1291--1291
[]\OT1/cmss/m/n/10.95 In most solids mul-ti-ple spins in-ter-act
 []

[64

 <./powder_pattern.png (PNG copy)>]
<powder_pattern2.png, id=723, 748.2354pt x 509.2626pt>
File: powder_pattern2.png Graphic file (type png)

<use powder_pattern2.png>
Package pdftex.def Info: powder_pattern2.png used on input line 1301.
(pdftex.def)             Requested size: 224.47235pt x 152.77995pt.
 [65

 <./powder_pattern2.png>]
<solid-liquid_NMR.png, id=731, 2310.6325pt x 1227.58624pt>
File: solid-liquid_NMR.png Graphic file (type png)

<use solid-liquid_NMR.png>
Package pdftex.def Info: solid-liquid_NMR.png used on input line 1311.
(pdftex.def)             Requested size: 231.07678pt x 122.76581pt.
 [66

 <./solid-liquid_NMR.png>]
<CSA1.png, id=738, 475.54764pt x 129.09297pt>
File: CSA1.png Graphic file (type png)
 <use CSA1.png>
Package pdftex.def Info: CSA1.png used on input line 1346.
(pdftex.def)             Requested size: 285.33078pt x 77.45638pt.


Class beamer Warning: Frame text is shrunk by a factor of 18.80951 percent inst
ead of 5 percent on input line 1346.

[67

 <./CSA1.png>] [68

] <CSA_tensor.png, id=758, 306.4248pt x 323.7696pt>
File: CSA_tensor.png Graphic file (type png)

<use CSA_tensor.png>
Package pdftex.def Info: CSA_tensor.png used on input line 1413.
(pdftex.def)             Requested size: 91.92815pt x 97.13162pt.

Overfull \vbox (0.807pt too high) detected at line 1413
 []

[69

 <./CSA_tensor.png>] [70

] <CSA2.png, id=774, 262.581pt x 368.0952pt>
File: CSA2.png Graphic file (type png)

<use CSA2.png>
Package pdftex.def Info: CSA2.png used on input line 1439.
(pdftex.def)             Requested size: 105.03052pt x 147.23546pt.

Overfull \vbox (10.02727pt too high) detected at line 1439
 []

[71

 <./CSA2.png>] [72

] <MAS.png, id=788, 285.7074pt x 255.8358pt>
File: MAS.png Graphic file (type png)

<use MAS.png>
Package pdftex.def Info: MAS.png used on input line 1471.
(pdftex.def)             Requested size: 114.28091pt x 102.3325pt.


Class beamer Warning: Frame text is shrunk by a factor of 14.8758 percent inste
ad of 5 percent on input line 1471.

[73

 <./MAS.png>] [74

] [75

] <MAS2.png, id=810, 897.5934pt x 525.162pt>
File: MAS2.png Graphic file (type png)

<use MAS2.png>
Package pdftex.def Info: MAS2.png used on input line 1514.
(pdftex.def)             Requested size: 269.28009pt x 157.5498pt.
 [76

 <./MAS2.png>]
<Quadrupole.png, id=818, 310.761pt x 147.4308pt>
File: Quadrupole.png Graphic file (type png)
 <use Quadrupole.png>
Package pdftex.def Info: Quadrupole.png used on input line 1532.
(pdftex.def)             Requested size: 155.38011pt x 73.71521pt.


Class beamer Warning: Frame text is shrunk by a factor of 14.8758 percent inste
ad of 5 percent on input line 1532.

[77

 <./Quadrupole.png>] [78

] [79

]
<Quadrupole2.png, id=838, 691.383pt x 392.667pt>
File: Quadrupole2.png Graphic file (type png)
 <use Quadrupole2.png>
Package pdftex.def Info: Quadrupole2.png used on input line 1572.
(pdftex.def)             Requested size: 276.5483pt x 157.06401pt.

Overfull \vbox (6.91434pt too high) detected at line 1572
 []

[80

 <./Quadrupole2.png>] <Quadrupole3.png, id=846, 516.9714pt x 245.2362pt>
File: Quadrupole3.png Graphic file (type png)

<use Quadrupole3.png>
Package pdftex.def Info: Quadrupole3.png used on input line 1583.
(pdftex.def)             Requested size: 258.48506pt x 122.6178pt.
 [81

 <./Quadrupole3.png>]
<Quadrupole_ZF.png, id=854, 258.2448pt x 214.8828pt>
File: Quadrupole_ZF.png Graphic file (type png)
 <use Quadrupole_ZF.png>
Package pdftex.def Info: Quadrupole_ZF.png used on input line 1594.
(pdftex.def)             Requested size: 129.12207pt x 107.44113pt.

[82

 <./Quadrupole_ZF.png>] [83

] (./NMR_lectures1.toc) [84

]
File: precession.png Graphic file (type png)

<use precession.png>
Package pdftex.def Info: precession.png used on input line 1650.
(pdftex.def)             Requested size: 90.64235pt x 109.38783pt.
pdfTeX warning (ext4): destination with the same identifier (name{precession}) 
has been already used, duplicate ignored
<to be read again> 
                   \relax 
l.1650 \end{frame}
                  

Class beamer Warning: Frame text is shrunk by a factor of 5.38177 percent inste
ad of 5 percent on input line 1650.

[85

] <rotating_frame.png, id=889, 292.4526pt x 242.8272pt>
File: rotating_frame.png Graphic file (type png)

<use rotating_frame.png>
Package pdftex.def Info: rotating_frame.png used on input line 1674.
(pdftex.def)             Requested size: 87.73645pt x 72.84871pt.


Class beamer Warning: Frame text is shrunk by a factor of 15.75165 percent inst
ead of 5 percent on input line 1674.

[86

 <./rotating_frame.png>] [87

]
Overfull \hbox (16.65076pt too wide) detected at line 1711
[]\OML/cmm/m/it/10.95 ;
 []


Class beamer Warning: Frame text is shrunk by a factor of 7.51648 percent inste
ad of 5 percent on input line 1711.

[88

]pdfTeX warning (ext4): destination with the same identifier (name{fig:rot_fram
e}) has been already used, duplicate ignored
<to be read again> 
                   \relax 
l.1732 \end{frame}
                   <rotating_frame_b.png, id=913, 228.3732pt x 127.1952pt>
File: rotating_frame_b.png Graphic file (type png)

<use rotating_frame_b.png>
Package pdftex.def Info: rotating_frame_b.png used on input line 1732.
(pdftex.def)             Requested size: 68.51248pt x 38.15884pt.
 [89

 <./rotating_frame_b.png>]
<rotating_frame_c.png, id=922, 241.3818pt x 245.718pt>
File: rotating_frame_c.png Graphic file (type png)

<use rotating_frame_c.png>
Package pdftex.def Info: rotating_frame_c.png used on input line 1755.
(pdftex.def)             Requested size: 72.41508pt x 73.71596pt.
 [90

 <./rotating_frame_c.png>]
<rotating_frame_d.png, id=931, 270.7716pt x 247.6452pt>
File: rotating_frame_d.png Graphic file (type png)

<use rotating_frame_d.png>
Package pdftex.def Info: rotating_frame_d.png used on input line 1773.
(pdftex.def)             Requested size: 81.2321pt x 74.29413pt.
 [91

 <./rotating_frame_d.png>]
<pi_pulses.png, id=941, 314.1336pt x 502.5174pt>
File: pi_pulses.png Graphic file (type png)
 <use pi_pulses.png>
Package pdftex.def Info: pi_pulses.png used on input line 1789.
(pdftex.def)             Requested size: 94.2408pt x 150.75638pt.

Underfull \hbox (badness 1721) in paragraph at lines 1789--1789
\OT1/cmss/m/n/8 ne-ti-za-tion in the lab-o-ra-tory
 []


Underfull \hbox (badness 1147) in paragraph at lines 1789--1789
\OT1/cmss/m/n/8 the ro-tat-ing frames im-midi-
 []

[92

 <./pi_pulses.png>] <coil.png, id=949, 255.8358pt x 228.3732pt>
File: coil.png Graphic file (type png)

<use coil.png>
Package pdftex.def Info: coil.png used on input line 1806.
(pdftex.def)             Requested size: 102.3325pt x 91.34766pt.

Overfull \vbox (9.89424pt too high) detected at line 1806
 []

[93

 <./coil.png>] <tuned_coils.png, id=957, 562.7424pt x 465.9006pt>
File: tuned_coils.png Graphic file (type png)

<use tuned_coils.png>
Package pdftex.def Info: tuned_coils.png used on input line 1829.
(pdftex.def)             Requested size: 225.09297pt x 186.35693pt.
 [94

 <./tuned_coils.png>]pdfTeX warning (ext4): destination with the same identifie
r (name{precession}) has been already used, duplicate ignored
<to be read again> 
                   \relax 
l.1866 \end{frame}
                  
Overfull \vbox (34.61577pt too high) detected at line 1866
 []

[95

] [96

] <spin_echo.png, id=977, 790.6338pt x 431.6928pt>
File: spin_echo.png Graphic file (type png)
 <use spin_echo.png>
Package pdftex.def Info: spin_echo.png used on input line 1895.
(pdftex.def)             Requested size: 237.19197pt x 129.50883pt.

[97

 <./spin_echo.png>] [98

] (./NMR_lectures1.toc) [99

]
Overfull \hbox (31.40929pt too wide) in paragraph at lines 1924--1924
[]  
 []


Overfull \vbox (37.27881pt too high) detected at line 1924
 []

[100

] [101

]
\tf@nav=\write6
\openout6 = `NMR_lectures1.nav'.

\tf@toc=\write7
\openout7 = `NMR_lectures1.toc'.

\tf@snm=\write8
\openout8 = `NMR_lectures1.snm'.

Package atveryend Info: Empty hook `BeforeClearDocument' on input line 1964.
Package atveryend Info: Empty hook `AfterLastShipout' on input line 1964.
 (./NMR_lectures1.aux)
Package atveryend Info: Executing hook `AtVeryEndDocument' on input line 1964.
Package atveryend Info: Executing hook `AtEndAfterFileList' on input line 1964.

Package rerunfilecheck Info: File `NMR_lectures1.out' has not changed.
(rerunfilecheck)             Checksum: CF7CB21FA2BDF9495F748D64979AC9C0;2443.


LaTeX Font Warning: Size substitutions with differences
(Font)              up to 1.0pt have occurred.


LaTeX Font Warning: Some font shapes were not available, defaults substituted.


LaTeX Warning: There were multiply-defined labels.

Package atveryend Info: Empty hook `AtVeryVeryEnd' on input line 1964.
 ) 
Here is how much of TeX's memory you used:
 17951 strings out of 494953
 338991 string characters out of 6180976
 411329 words of memory out of 5000000
 20463 multiletter control sequences out of 15000+600000
 23921 words of font info for 86 fonts, out of 8000000 for 9000
 14 hyphenation exceptions out of 8191
 48i,20n,64p,829b,664s stack positions out of 5000i,500n,10000p,200000b,80000s
</usr/share/texlive/texmf-dist/fonts/type1/public/amsfonts/cm/cmbsy10.pfb></u
sr/share/texlive/texmf-dist/fonts/type1/public/amsfonts/cm/cmbx10.pfb></usr/sha
re/texlive/texmf-dist/fonts/type1/public/amsfonts/cm/cmbx6.pfb></usr/share/texl
ive/texmf-dist/fonts/type1/public/amsfonts/cm/cmex10.pfb></usr/share/texlive/te
xmf-dist/fonts/type1/public/amsfonts/cmextra/cmex7.pfb></usr/share/texlive/texm
f-dist/fonts/type1/public/amsfonts/cm/cmmi10.pfb></usr/share/texlive/texmf-dist
/fonts/type1/public/amsfonts/cm/cmmi5.pfb></usr/share/texlive/texmf-dist/fonts/
type1/public/amsfonts/cm/cmmi6.pfb></usr/share/texlive/texmf-dist/fonts/type1/p
ublic/amsfonts/cm/cmmi8.pfb></usr/share/texlive/texmf-dist/fonts/type1/public/a
msfonts/cm/cmmi9.pfb></usr/share/texlive/texmf-dist/fonts/type1/public/amsfonts
/cm/cmmib10.pfb></usr/share/texlive/texmf-dist/fonts/type1/public/amsfonts/cmex
tra/cmmib6.pfb></usr/share/texlive/texmf-dist/fonts/type1/public/amsfonts/cm/cm
r8.pfb></usr/share/texlive/texmf-dist/fonts/type1/public/amsfonts/cm/cmss10.pfb
></usr/share/texlive/texmf-dist/fonts/type1/public/amsfonts/cm/cmss12.pfb></usr
/share/texlive/texmf-dist/fonts/type1/public/amsfonts/cm/cmss8.pfb></usr/share/
texlive/texmf-dist/fonts/type1/public/amsfonts/cm/cmss9.pfb></usr/share/texlive
/texmf-dist/fonts/type1/public/amsfonts/cm/cmssbx10.pfb></usr/share/texlive/tex
mf-dist/fonts/type1/public/amsfonts/cm/cmssi10.pfb></usr/share/texlive/texmf-di
st/fonts/type1/public/amsfonts/cm/cmssi8.pfb></usr/share/texlive/texmf-dist/fon
ts/type1/public/amsfonts/cm/cmsy10.pfb></usr/share/texlive/texmf-dist/fonts/typ
e1/public/amsfonts/cm/cmsy5.pfb></usr/share/texlive/texmf-dist/fonts/type1/publ
ic/amsfonts/cm/cmsy6.pfb></usr/share/texlive/texmf-dist/fonts/type1/public/amsf
onts/cm/cmsy8.pfb></usr/share/texlive/texmf-dist/fonts/type1/public/amsfonts/cm
/cmsy9.pfb></usr/share/texlive/texmf-dist/fonts/type1/public/amsfonts/cm/cmtt8.
pfb></usr/share/texlive/texmf-dist/fonts/type1/public/amsfonts/symbols/msbm10.p
fb></usr/share/texlive/texmf-dist/fonts/type1/public/amsfonts/symbols/msbm7.pfb
>
Output written on NMR_lectures1.pdf (101 pages, 6309405 bytes).
PDF statistics:
 1164 PDF objects out of 1200 (max. 8388607)
 901 compressed objects within 10 object streams
 266 named destinations out of 1000 (max. 500000)
 617 words of extra memory for PDF output out of 10000 (max. 10000000)

